{"/Users/rohanshorey/Desktop/Files/namaste-react/src/components/Body.js": {"path":"/Users/rohanshorey/Desktop/Files/namaste-react/src/components/Body.js","statementMap":{"0":{"start":{"line":11,"column":13},"end":{"line":496,"column":1}},"1":{"start":{"line":13,"column":54},"end":{"line":13,"column":66}},"2":{"start":{"line":16,"column":57},"end":{"line":16,"column":69}},"3":{"start":{"line":18,"column":40},"end":{"line":18,"column":52}},"4":{"start":{"line":20,"column":36},"end":{"line":20,"column":70}},"5":{"start":{"line":22,"column":4},"end":{"line":24,"column":10}},"6":{"start":{"line":23,"column":8},"end":{"line":23,"column":20}},"7":{"start":{"line":27,"column":22},"end":{"line":34,"column":5}},"8":{"start":{"line":28,"column":21},"end":{"line":28,"column":172}},"9":{"start":{"line":29,"column":21},"end":{"line":29,"column":38}},"10":{"start":{"line":30,"column":8},"end":{"line":30,"column":26}},"11":{"start":{"line":32,"column":8},"end":{"line":32,"column":98}},"12":{"start":{"line":33,"column":8},"end":{"line":33,"column":100}},"13":{"start":{"line":397,"column":4},"end":{"line":397,"column":52}},"14":{"start":{"line":398,"column":25},"end":{"line":398,"column":42}},"15":{"start":{"line":401,"column":4},"end":{"line":403,"column":5}},"16":{"start":{"line":402,"column":8},"end":{"line":402,"column":93}},"17":{"start":{"line":405,"column":40},"end":{"line":405,"column":63}},"18":{"start":{"line":407,"column":4},"end":{"line":495,"column":5}},"19":{"start":{"line":411,"column":150},"end":{"line":411,"column":180}},"20":{"start":{"line":415,"column":24},"end":{"line":415,"column":48}},"21":{"start":{"line":417,"column":49},"end":{"line":419,"column":29}},"22":{"start":{"line":418,"column":35},"end":{"line":418,"column":97}},"23":{"start":{"line":421,"column":24},"end":{"line":421,"column":67}},"24":{"start":{"line":429,"column":28},"end":{"line":429,"column":51}},"25":{"start":{"line":430,"column":53},"end":{"line":432,"column":33}},"26":{"start":{"line":431,"column":45},"end":{"line":431,"column":66}},"27":{"start":{"line":433,"column":32},"end":{"line":433,"column":67}},"28":{"start":{"line":440,"column":100},"end":{"line":440,"column":114}},"29":{"start":{"line":448,"column":51},"end":{"line":448,"column":58}},"30":{"start":{"line":449,"column":32},"end":{"line":449,"column":67}},"31":{"start":{"line":460,"column":20},"end":{"line":462,"column":27}}},"fnMap":{"0":{"name":"(anonymous_0)","decl":{"start":{"line":11,"column":13},"end":{"line":11,"column":14}},"loc":{"start":{"line":11,"column":18},"end":{"line":496,"column":1}},"line":11},"1":{"name":"(anonymous_1)","decl":{"start":{"line":22,"column":14},"end":{"line":22,"column":15}},"loc":{"start":{"line":22,"column":18},"end":{"line":24,"column":5}},"line":22},"2":{"name":"(anonymous_2)","decl":{"start":{"line":27,"column":22},"end":{"line":27,"column":23}},"loc":{"start":{"line":27,"column":33},"end":{"line":34,"column":5}},"line":27},"3":{"name":"(anonymous_3)","decl":{"start":{"line":411,"column":144},"end":{"line":411,"column":145}},"loc":{"start":{"line":411,"column":149},"end":{"line":411,"column":181}},"line":411},"4":{"name":"(anonymous_4)","decl":{"start":{"line":412,"column":87},"end":{"line":412,"column":88}},"loc":{"start":{"line":412,"column":91},"end":{"line":423,"column":21}},"line":412},"5":{"name":"(anonymous_5)","decl":{"start":{"line":418,"column":28},"end":{"line":418,"column":29}},"loc":{"start":{"line":418,"column":35},"end":{"line":418,"column":97}},"line":418},"6":{"name":"(anonymous_6)","decl":{"start":{"line":428,"column":33},"end":{"line":428,"column":34}},"loc":{"start":{"line":428,"column":37},"end":{"line":434,"column":29}},"line":428},"7":{"name":"(anonymous_7)","decl":{"start":{"line":431,"column":36},"end":{"line":431,"column":37}},"loc":{"start":{"line":431,"column":45},"end":{"line":431,"column":66}},"line":431},"8":{"name":"(anonymous_8)","decl":{"start":{"line":440,"column":95},"end":{"line":440,"column":96}},"loc":{"start":{"line":440,"column":100},"end":{"line":440,"column":114}},"line":440},"9":{"name":"(anonymous_9)","decl":{"start":{"line":447,"column":37},"end":{"line":447,"column":38}},"loc":{"start":{"line":447,"column":41},"end":{"line":450,"column":29}},"line":447},"10":{"name":"(anonymous_10)","decl":{"start":{"line":459,"column":43},"end":{"line":459,"column":44}},"loc":{"start":{"line":460,"column":20},"end":{"line":462,"column":27}},"line":460}},"branchMap":{"0":{"loc":{"start":{"line":401,"column":4},"end":{"line":403,"column":5}},"type":"if","locations":[{"start":{"line":401,"column":4},"end":{"line":403,"column":5}},{"start":{},"end":{}}],"line":401},"1":{"loc":{"start":{"line":407,"column":11},"end":{"line":495,"column":5}},"type":"cond-expr","locations":[{"start":{"line":407,"column":42},"end":{"line":407,"column":52}},{"start":{"line":408,"column":8},"end":{"line":494,"column":14}}],"line":407},"2":{"loc":{"start":{"line":461,"column":25},"end":{"line":461,"column":142}},"type":"cond-expr","locations":[{"start":{"line":461,"column":52},"end":{"line":461,"column":99}},{"start":{"line":461,"column":102},"end":{"line":461,"column":142}}],"line":461}},"s":{"0":1,"1":2,"2":2,"3":2,"4":2,"5":2,"6":1,"7":2,"8":1,"9":1,"10":1,"11":1,"12":1,"13":2,"14":2,"15":2,"16":0,"17":2,"18":2,"19":0,"20":0,"21":0,"22":0,"23":0,"24":0,"25":0,"26":0,"27":0,"28":0,"29":0,"30":0,"31":20},"f":{"0":2,"1":1,"2":1,"3":0,"4":0,"5":0,"6":0,"7":0,"8":0,"9":0,"10":20},"b":{"0":[0,2],"1":[1,1],"2":[0,20]},"_coverageSchema":"1a1c01bbd47fc00a2c39e90264f33305004495a9","hash":"75635283b0b00b52f97080e76ff9fbd32ca7072c"}
,"/Users/rohanshorey/Desktop/Files/namaste-react/src/components/Contact.js": {"path":"/Users/rohanshorey/Desktop/Files/namaste-react/src/components/Contact.js","statementMap":{"0":{"start":{"line":3,"column":16},"end":{"line":15,"column":1}},"1":{"start":{"line":4,"column":4},"end":{"line":14,"column":5}}},"fnMap":{"0":{"name":"(anonymous_0)","decl":{"start":{"line":3,"column":16},"end":{"line":3,"column":17}},"loc":{"start":{"line":3,"column":22},"end":{"line":15,"column":1}},"line":3}},"branchMap":{},"s":{"0":1,"1":2},"f":{"0":2},"b":{},"_coverageSchema":"1a1c01bbd47fc00a2c39e90264f33305004495a9","hash":"04a1d5c408a008e0f0e2abd64b93a48977de7107"}
,"/Users/rohanshorey/Desktop/Files/namaste-react/src/components/Header.js": {"path":"/Users/rohanshorey/Desktop/Files/namaste-react/src/components/Header.js","statementMap":{"0":{"start":{"line":9,"column":15},"end":{"line":58,"column":1}},"1":{"start":{"line":13,"column":44},"end":{"line":13,"column":61}},"2":{"start":{"line":15,"column":19},"end":{"line":15,"column":36}},"3":{"start":{"line":17,"column":27},"end":{"line":17,"column":50}},"4":{"start":{"line":20,"column":22},"end":{"line":20,"column":62}},"5":{"start":{"line":20,"column":45},"end":{"line":20,"column":61}},"6":{"start":{"line":22,"column":4},"end":{"line":57,"column":5}},"7":{"start":{"line":50,"column":28},"end":{"line":50,"column":106}}},"fnMap":{"0":{"name":"(anonymous_0)","decl":{"start":{"line":9,"column":15},"end":{"line":9,"column":16}},"loc":{"start":{"line":9,"column":20},"end":{"line":58,"column":1}},"line":9},"1":{"name":"(anonymous_1)","decl":{"start":{"line":20,"column":34},"end":{"line":20,"column":35}},"loc":{"start":{"line":20,"column":45},"end":{"line":20,"column":61}},"line":20},"2":{"name":"(anonymous_2)","decl":{"start":{"line":50,"column":20},"end":{"line":50,"column":21}},"loc":{"start":{"line":50,"column":24},"end":{"line":51,"column":25}},"line":50}},"branchMap":{"0":{"loc":{"start":{"line":32,"column":35},"end":{"line":32,"column":59}},"type":"cond-expr","locations":[{"start":{"line":32,"column":44},"end":{"line":32,"column":50}},{"start":{"line":32,"column":53},"end":{"line":32,"column":59}}],"line":32},"1":{"loc":{"start":{"line":50,"column":28},"end":{"line":50,"column":104}},"type":"cond-expr","locations":[{"start":{"line":50,"column":54},"end":{"line":50,"column":79}},{"start":{"line":50,"column":80},"end":{"line":50,"column":104}}],"line":50}},"s":{"0":1,"1":2,"2":2,"3":2,"4":2,"5":4,"6":2,"7":0},"f":{"0":2,"1":4,"2":0},"b":{"0":[2,0],"1":[0,0]},"_coverageSchema":"1a1c01bbd47fc00a2c39e90264f33305004495a9","hash":"c60350208b5a771a10603351c87e1a18f763c1f2"}
,"/Users/rohanshorey/Desktop/Files/namaste-react/src/components/RestaurauntCard.js": {"path":"/Users/rohanshorey/Desktop/Files/namaste-react/src/components/RestaurauntCard.js","statementMap":{"0":{"start":{"line":6,"column":24},"end":{"line":29,"column":1}},"1":{"start":{"line":7,"column":24},"end":{"line":7,"column":29}},"2":{"start":{"line":12,"column":27},"end":{"line":12,"column":50}},"3":{"start":{"line":13,"column":30},"end":{"line":13,"column":60}},"4":{"start":{"line":15,"column":56},"end":{"line":15,"column":69}},"5":{"start":{"line":18,"column":4},"end":{"line":28,"column":5}},"6":{"start":{"line":36,"column":32},"end":{"line":45,"column":1}},"7":{"start":{"line":37,"column":4},"end":{"line":44,"column":5}},"8":{"start":{"line":38,"column":8},"end":{"line":43,"column":10}}},"fnMap":{"0":{"name":"(anonymous_0)","decl":{"start":{"line":6,"column":24},"end":{"line":6,"column":25}},"loc":{"start":{"line":6,"column":35},"end":{"line":29,"column":1}},"line":6},"1":{"name":"(anonymous_1)","decl":{"start":{"line":36,"column":32},"end":{"line":36,"column":33}},"loc":{"start":{"line":36,"column":53},"end":{"line":45,"column":1}},"line":36},"2":{"name":"(anonymous_2)","decl":{"start":{"line":37,"column":11},"end":{"line":37,"column":12}},"loc":{"start":{"line":37,"column":21},"end":{"line":44,"column":5}},"line":37}},"branchMap":{},"s":{"0":2,"1":25,"2":24,"3":24,"4":20,"5":20,"6":2,"7":2,"8":0},"f":{"0":25,"1":2,"2":0},"b":{},"_coverageSchema":"1a1c01bbd47fc00a2c39e90264f33305004495a9","hash":"39f5af7c9c1ca34474f940105c6cdf5096ca1964"}
,"/Users/rohanshorey/Desktop/Files/namaste-react/src/components/Shimmer.js": {"path":"/Users/rohanshorey/Desktop/Files/namaste-react/src/components/Shimmer.js","statementMap":{"0":{"start":{"line":4,"column":16},"end":{"line":25,"column":1}},"1":{"start":{"line":5,"column":4},"end":{"line":24,"column":6}}},"fnMap":{"0":{"name":"(anonymous_0)","decl":{"start":{"line":4,"column":16},"end":{"line":4,"column":17}},"loc":{"start":{"line":4,"column":22},"end":{"line":25,"column":1}},"line":4}},"branchMap":{},"s":{"0":1,"1":1},"f":{"0":1},"b":{},"_coverageSchema":"1a1c01bbd47fc00a2c39e90264f33305004495a9","hash":"14ad1a274d1a4fdb62b356ccd5e52a7112848f05"}
,"/Users/rohanshorey/Desktop/Files/namaste-react/src/components/sum.js": {"path":"/Users/rohanshorey/Desktop/Files/namaste-react/src/components/sum.js","statementMap":{"0":{"start":{"line":1,"column":19},"end":{"line":3,"column":1}},"1":{"start":{"line":2,"column":4},"end":{"line":2,"column":15}}},"fnMap":{"0":{"name":"(anonymous_0)","decl":{"start":{"line":1,"column":19},"end":{"line":1,"column":20}},"loc":{"start":{"line":1,"column":27},"end":{"line":3,"column":1}},"line":1}},"branchMap":{},"s":{"0":1,"1":1},"f":{"0":1},"b":{},"_coverageSchema":"1a1c01bbd47fc00a2c39e90264f33305004495a9","hash":"eb94b491a05ba44171daa8ca7fbd77f5917223e6"}
,"/Users/rohanshorey/Desktop/Files/namaste-react/src/utils/UserContext.js": {"path":"/Users/rohanshorey/Desktop/Files/namaste-react/src/utils/UserContext.js","statementMap":{"0":{"start":{"line":3,"column":20},"end":{"line":5,"column":2}}},"fnMap":{},"branchMap":{},"s":{"0":3},"f":{},"b":{},"_coverageSchema":"1a1c01bbd47fc00a2c39e90264f33305004495a9","hash":"557a6ce5326948d53358d06769aab662e033e51f"}
,"/Users/rohanshorey/Desktop/Files/namaste-react/src/utils/appStore.js": {"path":"/Users/rohanshorey/Desktop/Files/namaste-react/src/utils/appStore.js","statementMap":{"0":{"start":{"line":5,"column":17},"end":{"line":9,"column":2}}},"fnMap":{},"branchMap":{},"s":{"0":1},"f":{},"b":{},"_coverageSchema":"1a1c01bbd47fc00a2c39e90264f33305004495a9","hash":"abaa9d8e8ff3b2f81bd522d404b7e0003f303544"}
,"/Users/rohanshorey/Desktop/Files/namaste-react/src/utils/cartSlice.js": {"path":"/Users/rohanshorey/Desktop/Files/namaste-react/src/utils/cartSlice.js","statementMap":{"0":{"start":{"line":3,"column":18},"end":{"line":20,"column":2}},"1":{"start":{"line":10,"column":12},"end":{"line":10,"column":45}},"2":{"start":{"line":14,"column":12},"end":{"line":14,"column":30}},"3":{"start":{"line":17,"column":12},"end":{"line":17,"column":34}},"4":{"start":{"line":24,"column":47},"end":{"line":24,"column":64}}},"fnMap":{"0":{"name":"(anonymous_0)","decl":{"start":{"line":9,"column":17},"end":{"line":9,"column":18}},"loc":{"start":{"line":9,"column":35},"end":{"line":12,"column":9}},"line":9},"1":{"name":"(anonymous_1)","decl":{"start":{"line":13,"column":20},"end":{"line":13,"column":21}},"loc":{"start":{"line":13,"column":30},"end":{"line":15,"column":9}},"line":13},"2":{"name":"(anonymous_2)","decl":{"start":{"line":16,"column":19},"end":{"line":16,"column":20}},"loc":{"start":{"line":16,"column":29},"end":{"line":18,"column":9}},"line":16}},"branchMap":{},"s":{"0":1,"1":0,"2":0,"3":0,"4":1},"f":{"0":0,"1":0,"2":0},"b":{},"_coverageSchema":"1a1c01bbd47fc00a2c39e90264f33305004495a9","hash":"218970eb3d4759c84ce5500b7e040293d056ffad"}
,"/Users/rohanshorey/Desktop/Files/namaste-react/src/utils/constants.js": {"path":"/Users/rohanshorey/Desktop/Files/namaste-react/src/utils/constants.js","statementMap":{"0":{"start":{"line":1,"column":21},"end":{"line":1,"column":112}},"1":{"start":{"line":2,"column":23},"end":{"line":2,"column":95}},"2":{"start":{"line":6,"column":23},"end":{"line":6,"column":159}}},"fnMap":{},"branchMap":{},"s":{"0":3,"1":3,"2":3},"f":{},"b":{},"_coverageSchema":"1a1c01bbd47fc00a2c39e90264f33305004495a9","hash":"32af78e9ca98549a001e06221a34c35e7ad34ca0"}
,"/Users/rohanshorey/Desktop/Files/namaste-react/src/utils/mockData.js": {"path":"/Users/rohanshorey/Desktop/Files/namaste-react/src/utils/mockData.js","statementMap":{"0":{"start":{"line":3,"column":15},"end":{"line":2041,"column":1}}},"fnMap":{},"branchMap":{},"s":{"0":1},"f":{},"b":{},"_coverageSchema":"1a1c01bbd47fc00a2c39e90264f33305004495a9","hash":"785fa5f312a7151685ef46362c4af68e61dc2691"}
,"/Users/rohanshorey/Desktop/Files/namaste-react/src/utils/useOnlineStatus.js": {"path":"/Users/rohanshorey/Desktop/Files/namaste-react/src/utils/useOnlineStatus.js","statementMap":{"0":{"start":{"line":4,"column":24},"end":{"line":24,"column":1}},"1":{"start":{"line":6,"column":44},"end":{"line":6,"column":58}},"2":{"start":{"line":10,"column":4},"end":{"line":19,"column":11}},"3":{"start":{"line":11,"column":8},"end":{"line":13,"column":11}},"4":{"start":{"line":12,"column":12},"end":{"line":12,"column":35}},"5":{"start":{"line":15,"column":8},"end":{"line":17,"column":11}},"6":{"start":{"line":16,"column":12},"end":{"line":16,"column":34}},"7":{"start":{"line":23,"column":4},"end":{"line":23,"column":24}}},"fnMap":{"0":{"name":"(anonymous_0)","decl":{"start":{"line":4,"column":24},"end":{"line":4,"column":25}},"loc":{"start":{"line":4,"column":29},"end":{"line":24,"column":1}},"line":4},"1":{"name":"(anonymous_1)","decl":{"start":{"line":10,"column":14},"end":{"line":10,"column":15}},"loc":{"start":{"line":10,"column":18},"end":{"line":19,"column":5}},"line":10},"2":{"name":"(anonymous_2)","decl":{"start":{"line":11,"column":43},"end":{"line":11,"column":44}},"loc":{"start":{"line":11,"column":47},"end":{"line":13,"column":9}},"line":11},"3":{"name":"(anonymous_3)","decl":{"start":{"line":15,"column":42},"end":{"line":15,"column":43}},"loc":{"start":{"line":15,"column":46},"end":{"line":17,"column":9}},"line":15}},"branchMap":{},"s":{"0":2,"1":4,"2":4,"3":3,"4":0,"5":3,"6":0,"7":4},"f":{"0":4,"1":3,"2":0,"3":0},"b":{},"_coverageSchema":"1a1c01bbd47fc00a2c39e90264f33305004495a9","hash":"ab7d0d7dde557458c18405bacd29170f84c4d460"}
}
