TN:
SF:src/components/Body.js
FN:11,(anonymous_0)
FN:22,(anonymous_1)
FN:27,(anonymous_2)
FN:411,(anonymous_3)
FN:412,(anonymous_4)
FN:418,(anonymous_5)
FN:428,(anonymous_6)
FN:431,(anonymous_7)
FN:440,(anonymous_8)
FN:447,(anonymous_9)
FN:459,(anonymous_10)
FNF:11
FNH:4
FNDA:2,(anonymous_0)
FNDA:1,(anonymous_1)
FNDA:1,(anonymous_2)
FNDA:0,(anonymous_3)
FNDA:0,(anonymous_4)
FNDA:0,(anonymous_5)
FNDA:0,(anonymous_6)
FNDA:0,(anonymous_7)
FNDA:0,(anonymous_8)
FNDA:0,(anonymous_9)
FNDA:20,(anonymous_10)
DA:11,1
DA:13,2
DA:16,2
DA:18,2
DA:20,2
DA:22,2
DA:23,1
DA:27,2
DA:28,1
DA:29,1
DA:30,1
DA:32,1
DA:33,1
DA:397,2
DA:398,2
DA:401,2
DA:402,0
DA:405,2
DA:407,2
DA:411,0
DA:415,0
DA:417,0
DA:418,0
DA:421,0
DA:429,0
DA:430,0
DA:431,0
DA:433,0
DA:440,0
DA:448,0
DA:449,0
DA:460,20
LF:32
LH:19
BRDA:401,0,0,0
BRDA:401,0,1,2
BRDA:407,1,0,1
BRDA:407,1,1,1
BRDA:461,2,0,0
BRDA:461,2,1,20
BRF:6
BRH:4
end_of_record
TN:
SF:src/components/Contact.js
FN:3,(anonymous_0)
FNF:1
FNH:1
FNDA:2,(anonymous_0)
DA:3,1
DA:4,2
LF:2
LH:2
BRF:0
BRH:0
end_of_record
TN:
SF:src/components/Header.js
FN:9,(anonymous_0)
FN:20,(anonymous_1)
FN:50,(anonymous_2)
FNF:3
FNH:2
FNDA:2,(anonymous_0)
FNDA:4,(anonymous_1)
FNDA:0,(anonymous_2)
DA:9,1
DA:13,2
DA:15,2
DA:17,2
DA:20,4
DA:22,2
DA:50,0
LF:7
LH:6
BRDA:32,0,0,2
BRDA:32,0,1,0
BRDA:50,1,0,0
BRDA:50,1,1,0
BRF:4
BRH:1
end_of_record
TN:
SF:src/components/RestaurauntCard.js
FN:6,(anonymous_0)
FN:36,(anonymous_1)
FN:37,(anonymous_2)
FNF:3
FNH:2
FNDA:25,(anonymous_0)
FNDA:2,(anonymous_1)
FNDA:0,(anonymous_2)
DA:6,2
DA:7,25
DA:12,24
DA:13,24
DA:15,20
DA:18,20
DA:36,2
DA:37,2
DA:38,0
LF:9
LH:8
BRF:0
BRH:0
end_of_record
TN:
SF:src/components/Shimmer.js
FN:4,(anonymous_0)
FNF:1
FNH:1
FNDA:1,(anonymous_0)
DA:4,1
DA:5,1
LF:2
LH:2
BRF:0
BRH:0
end_of_record
TN:
SF:src/components/sum.js
FN:1,(anonymous_0)
FNF:1
FNH:1
FNDA:1,(anonymous_0)
DA:1,1
DA:2,1
LF:2
LH:2
BRF:0
BRH:0
end_of_record
TN:
SF:src/utils/UserContext.js
FNF:0
FNH:0
DA:3,3
LF:1
LH:1
BRF:0
BRH:0
end_of_record
TN:
SF:src/utils/appStore.js
FNF:0
FNH:0
DA:5,1
LF:1
LH:1
BRF:0
BRH:0
end_of_record
TN:
SF:src/utils/cartSlice.js
FN:9,(anonymous_0)
FN:13,(anonymous_1)
FN:16,(anonymous_2)
FNF:3
FNH:0
FNDA:0,(anonymous_0)
FNDA:0,(anonymous_1)
FNDA:0,(anonymous_2)
DA:3,1
DA:10,0
DA:14,0
DA:17,0
DA:24,1
LF:5
LH:2
BRF:0
BRH:0
end_of_record
TN:
SF:src/utils/constants.js
FNF:0
FNH:0
DA:1,3
DA:2,3
DA:6,3
LF:3
LH:3
BRF:0
BRH:0
end_of_record
TN:
SF:src/utils/mockData.js
FNF:0
FNH:0
DA:3,1
LF:1
LH:1
BRF:0
BRH:0
end_of_record
TN:
SF:src/utils/useOnlineStatus.js
FN:4,(anonymous_0)
FN:10,(anonymous_1)
FN:11,(anonymous_2)
FN:15,(anonymous_3)
FNF:4
FNH:2
FNDA:4,(anonymous_0)
FNDA:3,(anonymous_1)
FNDA:0,(anonymous_2)
FNDA:0,(anonymous_3)
DA:4,2
DA:6,4
DA:10,4
DA:11,3
DA:12,0
DA:15,3
DA:16,0
DA:23,4
LF:8
LH:6
BRF:0
BRH:0
end_of_record
